INFO: [HLS 200-10] Running '/opt/Xilinx/Vivado/2020.1/bin/unwrapped/lnx64.o/vivado_hls'
INFO: [HLS 200-10] For user 'varuns' on host 'cmstrigger02.hep.wisc.edu' (Linux_x86_64 version 6.1.159-1.el9.elrepo.x86_64) on Tue Mar 03 12:38:32 CST 2026
INFO: [HLS 200-10] In directory '/scratch/varuns/tac-hep-fpga2026/TAC-HEP-FPGA/2026/lecture05'
Sourcing Tcl script '/scratch/varuns/tac-hep-fpga2026/TAC-HEP-FPGA/2026/lecture05/test_proj/solution1/csynth.tcl'
INFO: [HLS 200-10] Opening project '/scratch/varuns/tac-hep-fpga2026/TAC-HEP-FPGA/2026/lecture05/test_proj'.
INFO: [HLS 200-10] Adding design file 'test_func.cpp' to the project
INFO: [HLS 200-10] Adding test bench file 'test_func_tb.cpp' to the project
INFO: [HLS 200-10] Opening solution '/scratch/varuns/tac-hep-fpga2026/TAC-HEP-FPGA/2026/lecture05/test_proj/solution1'.
INFO: [SYN 201-201] Setting up clock 'default' with a period of 25ns.
INFO: [HLS 200-10] Setting target device to 'xcvu13p-fsga2577-2-e'
INFO: [SYN 201-201] Setting up clock 'default' with a period of 25ns.
INFO: [SCHED 204-61] Option 'relax_ii_for_timing' is enabled, will increase II to preserve clock frequency constraints.
INFO: [HLS 200-10] Analyzing design file 'test_func.cpp' ... 
INFO: [HLS 200-111] Finished Linking Time (s): cpu = 00:00:15 ; elapsed = 00:00:15 . Memory (MB): peak = 1629.855 ; gain = 1228.707 ; free physical = 221417 ; free virtual = 235877
INFO: [HLS 200-111] Finished Checking Pragmas Time (s): cpu = 00:00:15 ; elapsed = 00:00:15 . Memory (MB): peak = 1629.855 ; gain = 1228.707 ; free physical = 221417 ; free virtual = 235877
INFO: [HLS 200-10] Starting code transformations ...
INFO: [HLS 200-111] Finished Standard Transforms Time (s): cpu = 00:00:16 ; elapsed = 00:00:16 . Memory (MB): peak = 1629.855 ; gain = 1228.707 ; free physical = 221416 ; free virtual = 235876
INFO: [HLS 200-10] Checking synthesizability ...
INFO: [HLS 200-111] Finished Checking Synthesizability Time (s): cpu = 00:00:16 ; elapsed = 00:00:16 . Memory (MB): peak = 1629.855 ; gain = 1228.707 ; free physical = 221416 ; free virtual = 235876
INFO: [HLS 200-111] Finished Pre-synthesis Time (s): cpu = 00:00:16 ; elapsed = 00:00:16 . Memory (MB): peak = 1629.855 ; gain = 1228.707 ; free physical = 221403 ; free virtual = 235863
INFO: [HLS 200-111] Finished Architecture Synthesis Time (s): cpu = 00:00:17 ; elapsed = 00:00:16 . Memory (MB): peak = 1629.855 ; gain = 1228.707 ; free physical = 221403 ; free virtual = 235863
INFO: [HLS 200-10] Starting hardware synthesis ...
INFO: [HLS 200-10] Synthesizing 'test_func' ...
INFO: [HLS 200-10] ----------------------------------------------------------------
INFO: [HLS 200-42] -- Implementing module 'test_func' 
INFO: [HLS 200-10] ----------------------------------------------------------------
INFO: [SCHED 204-11] Starting scheduling ...
INFO: [SCHED 204-11] Finished scheduling.
INFO: [HLS 200-111]  Elapsed time: 16.39 seconds; current allocated memory: 138.101 MB.
INFO: [BIND 205-100] Starting micro-architecture generation ...
INFO: [BIND 205-101] Performing variable lifetime analysis.
INFO: [BIND 205-101] Exploring resource sharing.
INFO: [BIND 205-101] Binding ...
INFO: [BIND 205-100] Finished micro-architecture generation.
INFO: [HLS 200-111]  Elapsed time: 0.05 seconds; current allocated memory: 138.223 MB.
INFO: [HLS 200-10] ----------------------------------------------------------------
INFO: [HLS 200-10] -- Generating RTL for module 'test_func' 
INFO: [HLS 200-10] ----------------------------------------------------------------
INFO: [RTGEN 206-500] Setting interface mode on port 'test_func/x' to 'ap_memory'.
INFO: [RTGEN 206-500] Setting interface mode on port 'test_func/a' to 'ap_none'.
INFO: [RTGEN 206-500] Setting interface mode on port 'test_func/b' to 'ap_none'.
INFO: [RTGEN 206-500] Setting interface mode on port 'test_func/c' to 'ap_none'.
INFO: [RTGEN 206-500] Setting interface mode on port 'test_func/y' to 'ap_memory'.
INFO: [RTGEN 206-500] Setting interface mode on function 'test_func' to 'ap_ctrl_hs'.
INFO: [SYN 201-210] Renamed object name 'test_func_fmul_32ns_32ns_32_1_max_dsp_1' to 'test_func_fmul_32bkb' due to the length limit 20
INFO: [SYN 201-210] Renamed object name 'test_func_fptrunc_64ns_32_1_1' to 'test_func_fptrunccud' due to the length limit 20
INFO: [SYN 201-210] Renamed object name 'test_func_fpext_32ns_64_1_1' to 'test_func_fpext_3dEe' due to the length limit 20
INFO: [SYN 201-210] Renamed object name 'test_func_dadd_64ns_64ns_64_2_full_dsp_1' to 'test_func_dadd_64eOg' due to the length limit 20
INFO: [RTGEN 206-100] Generating core module 'test_func_dadd_64eOg': 1 instance(s).
INFO: [RTGEN 206-100] Generating core module 'test_func_fmul_32bkb': 1 instance(s).
INFO: [RTGEN 206-100] Generating core module 'test_func_fpext_3dEe': 2 instance(s).
INFO: [RTGEN 206-100] Generating core module 'test_func_fptrunccud': 1 instance(s).
INFO: [RTGEN 206-100] Finished creating RTL model for 'test_func'.
INFO: [HLS 200-111]  Elapsed time: 0.08 seconds; current allocated memory: 138.584 MB.
INFO: [HLS 200-790] **** Loop Constraint Status: All loop constraints were satisfied.
INFO: [HLS 200-789] **** Estimated Fmax: 47.59 MHz
INFO: [HLS 200-111] Finished generating all RTL models Time (s): cpu = 00:00:18 ; elapsed = 00:00:18 . Memory (MB): peak = 1629.855 ; gain = 1228.707 ; free physical = 221409 ; free virtual = 235870
INFO: [VHDL 208-304] Generating VHDL RTL for test_func.
INFO: [VLOG 209-307] Generating Verilog RTL for test_func.
INFO: [HLS 200-112] Total elapsed time: 18.09 seconds; peak allocated memory: 138.584 MB.
